<?xml version="1.0" encoding="UTF-8"?>
<testsuites name="Mocha Tests" time="0.1150" tests="1" failures="0">
  <testsuite name="Root Suite" timestamp="2023-07-10T17:23:42" tests="0" time="0.0000" failures="0">
  </testsuite>
  <testsuite name="Test List" timestamp="2023-07-10T17:23:42" tests="1" file="/Users/lukeohanlon/Downloads/SimpleApplication/CASimpleApplication/test/test_utils.js" time="0.1150" failures="0">
    <testcase name="Test List should return a list of items" time="0.1150" classname="should return a list of items">
    </testcase>
  </testsuite>
</testsuites>